\BOOKMARK [1][-]{section.1}{Executive Summary}{}% 1
\BOOKMARK [1][-]{section.2}{Introduction and Scientific Motivation}{}% 2
\BOOKMARK [2][-]{subsection.2.1}{The overarching intellectual question\(s\)}{section.2}% 3
\BOOKMARK [2][-]{subsection.2.2}{Aims}{section.2}% 4
\BOOKMARK [1][-]{section.3}{Proposed Research and Methods}{}% 5
\BOOKMARK [2][-]{subsection.3.1}{Project Description}{section.3}% 6
\BOOKMARK [2][-]{subsection.3.2}{Quantum Simulation Algorithms}{section.3}% 7
\BOOKMARK [2][-]{subsection.3.3}{Software for Quantum Simulations}{section.3}% 8
\BOOKMARK [3][-]{subsubsection.3.3.1}{Lattice QCD}{subsection.3.3}% 9
\BOOKMARK [3][-]{subsubsection.3.3.2}{Variational adiabatic evolution}{subsection.3.3}% 10
\BOOKMARK [3][-]{subsubsection.3.3.3}{Spectral reconstruction and transition matrix elements}{subsection.3.3}% 11
\BOOKMARK [3][-]{subsubsection.3.3.4}{Scattering, reactions, and few-body dynamics}{subsection.3.3}% 12
\BOOKMARK [2][-]{subsection.3.4}{Nuclear structure, Finite Nuclei and Infinite Nuclear Matter}{section.3}% 13
\BOOKMARK [3][-]{subsubsection.3.4.1}{Broader Impacts}{subsection.3.4}% 14
\BOOKMARK [2][-]{subsection.3.5}{Tasks}{section.3}% 15
\BOOKMARK [1][-]{section.4}{Workforce Development}{}% 16
\BOOKMARK [2][-]{subsection.4.1}{Mentoring Plan}{section.4}% 17
\BOOKMARK [1][-]{section.5}{Timetable of Activities}{}% 18
\BOOKMARK [1][-]{section.6}{Project Management plan}{}% 19
\BOOKMARK [1][-]{section.7}{Project Objectives}{}% 20
\BOOKMARK [1][-]{section.8}{Budget Justification}{}% 21
\BOOKMARK [2][-]{subsection.8.1}{Senior Personnel}{section.8}% 22
\BOOKMARK [2][-]{subsection.8.2}{Graduate Students and Post-Graduates}{section.8}% 23
\BOOKMARK [2][-]{subsection.8.3}{Equipment}{section.8}% 24
\BOOKMARK [2][-]{subsection.8.4}{Travel}{section.8}% 25
\BOOKMARK [2][-]{subsection.8.5}{Materials and Supplies}{section.8}% 26
\BOOKMARK [2][-]{subsection.8.6}{Other}{section.8}% 27
\BOOKMARK [2][-]{subsection.8.7}{Indirect Costs}{section.8}% 28
\BOOKMARK [1][-]{appendix.A}{Biographical Sketches}{}% 29
\BOOKMARK [1][-]{appendix.B}{Current and Pending Support}{}% 30
\BOOKMARK [1][-]{appendix.C}{Bibliography and References Cited}{}% 31
\BOOKMARK [1][-]{appendix.D}{Facilities and other Resources}{}% 32
\BOOKMARK [1][-]{appendix.E}{Data Management plan}{}% 33
\BOOKMARK [1][-]{appendix.F}{Additional perspectives}{}% 34
\BOOKMARK [2][-]{subsection.F.1}{Relevance and benefit to society}{appendix.F}% 35
\BOOKMARK [2][-]{subsection.F.2}{Environmental impact}{appendix.F}% 36
\BOOKMARK [2][-]{subsection.F.3}{Ethical perspectives}{appendix.F}% 37
\BOOKMARK [2][-]{subsection.F.4}{Gender issues}{appendix.F}% 38
